<?xml version="1.0" encoding="UTF-8"?>
<testng-results skipped="0" failed="0" ignored="0" total="1" passed="1">
  <reporter-output>
  </reporter-output>
  <suite name="Surefire suite" duration-ms="162088" started-at="2020-09-17T20:36:11 GMT+05:30" finished-at="2020-09-17T20:38:53 GMT+05:30">
    <groups>
    </groups>
    <test name="Surefire test" duration-ms="162088" started-at="2020-09-17T20:36:11 GMT+05:30" finished-at="2020-09-17T20:38:53 GMT+05:30">
      <class name="NHSMHSMobileApp.Android.AppTest">
        <test-method status="PASS" signature="shouldAnswerWithTrue()" name="shouldAnswerWithTrue" duration-ms="5" started-at="2020-09-17T20:38:53 GMT+05:30" finished-at="2020-09-17T20:38:53 GMT+05:30">
          <reporter-output>
          </reporter-output>
        </test-method> <!-- shouldAnswerWithTrue -->
      </class> <!-- NHSMHSMobileApp.Android.AppTest -->
    </test> <!-- Surefire test -->
  </suite> <!-- Surefire suite -->
</testng-results>
