<?xml version="1.0" encoding="UTF-8"?>
<testsuite xmlns:xsi="http://www.w3.org/2001/XMLSchema-instance" xsi:noNamespaceSchemaLocation="https://maven.apache.org/surefire/maven-surefire-plugin/xsd/surefire-test-report-3.0.xsd" version="3.0" name="Sign up for the MHS App" time="168.885" tests="1" errors="0" skipped="0" failures="0">
  <properties>
[...]
</properties>
  <testcase name="Patient try to Sign up using invalid OTP" classname="Sign up for the MHS App" time="168.773">
    <system-out><![CDATA[
Scenario Outline: Patient try to Sign up using invalid OTP                                                                             # src/test/java/features/SignUp.feature:34
apk path not found looking for apackage name and activity name
calling get driver method
2083854344
calling get driver method
2083854344
calling get driver method
2083854344
initialiaing page factory elements
  Given User is present on the login page                                                                                              # com.MHS.testCases.LoginMHS.user_is_present_on_the_login_page()

    Screenshot of app after the Patient try to Sign up using invalid OTP scenario


    Embedding scr2020.09.30.16.08.49 [image/png 92646 bytes]

calling get driver method
2083854344
calling get driver method
2083854344
initialiaing page factory elements
  When user click on Signup link                                                                                                       # com.MHS.testCases.RegisterUser.user_click_on_signup_link()

    Screenshot of app after the Patient try to Sign up using invalid OTP scenario


    Embedding scr2020.09.30.16.08.50 [image/png 90326 bytes]

calling get driver method
2083854344
initialiaing page factory elements
  Then user is navigated to Pre Registration page                                                                                      # com.MHS.testCases.RegisterUser.user_is_navigated_to_pre_registration_page()

    Screenshot of app after the Patient try to Sign up using invalid OTP scenario


    Embedding scr2020.09.30.16.08.52 [image/png 47908 bytes]

calling get driver method
2083854344
initialiaing page factory elements
  Given user choose to sign up as a Patient                                                                                            # com.MHS.testCases.RegisterUser.user_choose_to_sign_up_as_a(java.lang.String)

    Screenshot of app after the Patient try to Sign up using invalid OTP scenario


    Embedding scr2020.09.30.16.08.54 [image/png 46555 bytes]

calling get driver method
2083854344
initialiaing page factory elements
  When user fill the required form details i.e. Pramod z, Pramodz1@yopmail.com , Strong@129 , Strong@129 and click on register button. # com.MHS.testCases.RegisterUser.user_fill_the_required_form_details_click_on_register_button(java.lang.String,java.lang.String,java.lang.String,java.lang.String)

    Screenshot of app after the Patient try to Sign up using invalid OTP scenario


    Embedding scr2020.09.30.16.09.06 [image/png 28905 bytes]

calling get driver method
2083854344
initialiaing page factory elements
calling get driver method
2083854344
initialiaing page factory elements
  And User provide the invalid  1235 that is not associated with Pramodz1@yopmail.com and click on Submit button.                      # com.MHS.testCases.RegisterUser.user_provide_the_invalid_that_is_not_associated_with_and_click_on_submit_button(java.lang.String,java.lang.String)

    Screenshot of app after the Patient try to Sign up using invalid OTP scenario


    Embedding scr2020.09.30.16.09.11 [image/png 68683 bytes]

calling get driver method
2083854344
initialiaing page factory elements

    ' Request failed with status code 400 ' message is found below OTP field

  But User see validation error message when used  1235 as OTP.                                                                        # com.MHS.testCases.RegisterUser.user_see_validation_error_message_when_used_as_otp(java.lang.String)

    Screenshot of app after the Patient try to Sign up using invalid OTP scenario


    Embedding scr2020.09.30.16.09.15 [image/png 77227 bytes]

]]></system-out>
    <system-err><![CDATA[Sep 30, 2020 4:08:44 PM io.appium.java_client.remote.AppiumCommandExecutor$1 lambda$0
INFO: Detected dialect: W3C
]]></system-err>
  </testcase>
</testsuite>