<?xml version="1.0" encoding="UTF-8"?>
<testng-results skipped="0" failed="0" ignored="0" total="1" passed="1">
  <reporter-output>
  </reporter-output>
  <suite name="Surefire suite" duration-ms="2954" started-at="2020-09-02T10:32:56 GMT+05:30" finished-at="2020-09-02T10:32:59 GMT+05:30">
    <groups>
    </groups>
    <test name="Surefire test" duration-ms="2954" started-at="2020-09-02T10:32:56 GMT+05:30" finished-at="2020-09-02T10:32:59 GMT+05:30">
      <class name="NHSMHSMobileApp.Android.AppTest">
        <test-method status="PASS" signature="shouldAnswerWithTrue()" name="shouldAnswerWithTrue" duration-ms="4" started-at="2020-09-02T10:32:59 GMT+05:30" finished-at="2020-09-02T10:32:59 GMT+05:30">
          <reporter-output>
          </reporter-output>
        </test-method> <!-- shouldAnswerWithTrue -->
      </class> <!-- NHSMHSMobileApp.Android.AppTest -->
    </test> <!-- Surefire test -->
  </suite> <!-- Surefire suite -->
</testng-results>
